2019-05-06 22:55:38,099 [Worker-1] INFO  c.g.t.t.d.PublishedGradleVersions - Gradle version information cache is up-to-date. Trying to read.
2019-05-06 22:58:30,900 [Worker-9] INFO  o.e.m.c.i.p.ProjectConfigurationManager - Collecting project info '/pom.xml' E:\Bookmyshow\BookMyShow\pom.xml
2019-05-06 22:58:36,478 [Worker-9] INFO  o.e.m.c.i.l.LifecycleMappingFactory - Using org.eclipse.m2e.jdt.JarLifecycleMapping lifecycle mapping for MavenProject: com.bookmyshow:BookMyShow:0.0.1-SNAPSHOT @ E:\Bookmyshow\BookMyShow\pom.xml.
2019-05-06 22:58:37,845 [Worker-9] INFO  o.e.m.j.i.AbstractJavaProjectConfigurator - Adding source folder /BookMyShow/src/main/java
2019-05-06 22:58:37,855 [Worker-9] INFO  o.e.m.j.i.AbstractJavaProjectConfigurator - Adding source folder /BookMyShow/src/test/java
2019-05-06 22:58:39,279 [Worker-9] INFO  o.e.m.c.i.p.ProjectConfigurationManager - Imported and configured 1 project(s) in 8 sec
2019-05-06 22:58:40,494 [Worker-9] INFO  o.e.m.c.i.embedder.EclipseLogger - Using 'UTF-8' encoding to copy filtered resources.
2019-05-06 22:58:40,495 [Worker-9] INFO  o.e.m.c.i.embedder.EclipseLogger - skip non existing resourceDirectory E:\Bookmyshow\BookMyShow\src\main\resources
2019-05-06 22:58:40,498 [Worker-9] INFO  o.e.m.c.i.embedder.EclipseLogger - Using 'UTF-8' encoding to copy filtered resources.
2019-05-06 22:58:40,498 [Worker-9] INFO  o.e.m.c.i.embedder.EclipseLogger - skip non existing resourceDirectory E:\Bookmyshow\BookMyShow\src\test\resources
2019-05-06 23:05:35,043 [Worker-20] INFO  o.e.m.c.i.l.LifecycleMappingFactory - Using org.eclipse.m2e.jdt.JarLifecycleMapping lifecycle mapping for MavenProject: com.bookmyshow:BookMyShow:0.0.1-SNAPSHOT @ E:\Bookmyshow\BookMyShow\pom.xml.
2019-05-06 23:05:35,746 [Worker-20] INFO  o.e.m.c.i.embedder.EclipseLogger - Using 'UTF-8' encoding to copy filtered resources.
2019-05-06 23:05:35,747 [Worker-20] INFO  o.e.m.c.i.embedder.EclipseLogger - skip non existing resourceDirectory E:\Bookmyshow\BookMyShow\src\main\resources
2019-05-06 23:05:35,753 [Worker-20] INFO  o.e.m.c.i.embedder.EclipseLogger - Using 'UTF-8' encoding to copy filtered resources.
2019-05-06 23:05:35,753 [Worker-20] INFO  o.e.m.c.i.embedder.EclipseLogger - skip non existing resourceDirectory E:\Bookmyshow\BookMyShow\src\test\resources
2019-05-06 23:05:37,098 [Worker-9] INFO  o.e.m.c.i.embedder.EclipseLogger - Using 'UTF-8' encoding to copy filtered resources.
2019-05-06 23:05:37,099 [Worker-9] INFO  o.e.m.c.i.embedder.EclipseLogger - skip non existing resourceDirectory E:\Bookmyshow\BookMyShow\src\main\resources
2019-05-06 23:05:37,104 [Worker-9] INFO  o.e.m.c.i.embedder.EclipseLogger - Using 'UTF-8' encoding to copy filtered resources.
2019-05-06 23:05:37,104 [Worker-9] INFO  o.e.m.c.i.embedder.EclipseLogger - skip non existing resourceDirectory E:\Bookmyshow\BookMyShow\src\test\resources
2019-05-06 23:05:49,353 [Worker-5] INFO  o.e.m.c.i.embedder.EclipseLogger - Using 'UTF-8' encoding to copy filtered resources.
2019-05-06 23:05:49,354 [Worker-5] INFO  o.e.m.c.i.embedder.EclipseLogger - skip non existing resourceDirectory E:\Bookmyshow\BookMyShow\src\main\resources
2019-05-06 23:05:49,358 [Worker-5] INFO  o.e.m.c.i.embedder.EclipseLogger - Using 'UTF-8' encoding to copy filtered resources.
2019-05-06 23:05:49,359 [Worker-5] INFO  o.e.m.c.i.embedder.EclipseLogger - skip non existing resourceDirectory E:\Bookmyshow\BookMyShow\src\test\resources
2019-05-06 23:05:56,525 [Worker-20] INFO  o.e.m.c.i.embedder.EclipseLogger - Using 'UTF-8' encoding to copy filtered resources.
2019-05-06 23:05:56,525 [Worker-20] INFO  o.e.m.c.i.embedder.EclipseLogger - skip non existing resourceDirectory E:\Bookmyshow\BookMyShow\src\main\resources
2019-05-06 23:05:56,530 [Worker-20] INFO  o.e.m.c.i.embedder.EclipseLogger - Using 'UTF-8' encoding to copy filtered resources.
2019-05-06 23:05:56,531 [Worker-20] INFO  o.e.m.c.i.embedder.EclipseLogger - skip non existing resourceDirectory E:\Bookmyshow\BookMyShow\src\test\resources
2019-05-06 23:07:48,128 [Worker-11] INFO  o.e.m.c.i.embedder.EclipseLogger - Using 'UTF-8' encoding to copy filtered resources.
2019-05-06 23:07:48,129 [Worker-11] INFO  o.e.m.c.i.embedder.EclipseLogger - skip non existing resourceDirectory E:\Bookmyshow\BookMyShow\src\main\resources
2019-05-06 23:07:48,133 [Worker-11] INFO  o.e.m.c.i.embedder.EclipseLogger - Using 'UTF-8' encoding to copy filtered resources.
2019-05-06 23:07:48,133 [Worker-11] INFO  o.e.m.c.i.embedder.EclipseLogger - skip non existing resourceDirectory E:\Bookmyshow\BookMyShow\src\test\resources
2019-05-06 23:07:49,214 [Worker-11] INFO  o.e.m.c.i.embedder.EclipseLogger - Using 'UTF-8' encoding to copy filtered resources.
2019-05-06 23:07:49,215 [Worker-11] INFO  o.e.m.c.i.embedder.EclipseLogger - skip non existing resourceDirectory E:\Bookmyshow\BookMyShow\src\main\resources
2019-05-06 23:07:49,218 [Worker-11] INFO  o.e.m.c.i.embedder.EclipseLogger - Using 'UTF-8' encoding to copy filtered resources.
2019-05-06 23:07:49,219 [Worker-11] INFO  o.e.m.c.i.embedder.EclipseLogger - skip non existing resourceDirectory E:\Bookmyshow\BookMyShow\src\test\resources
2019-05-06 23:08:24,541 [Worker-23] INFO  o.e.m.c.i.embedder.EclipseLogger - Using 'UTF-8' encoding to copy filtered resources.
2019-05-06 23:08:24,542 [Worker-23] INFO  o.e.m.c.i.embedder.EclipseLogger - skip non existing resourceDirectory E:\Bookmyshow\BookMyShow\src\main\resources
2019-05-06 23:08:24,547 [Worker-23] INFO  o.e.m.c.i.embedder.EclipseLogger - Using 'UTF-8' encoding to copy filtered resources.
2019-05-06 23:08:24,547 [Worker-23] INFO  o.e.m.c.i.embedder.EclipseLogger - skip non existing resourceDirectory E:\Bookmyshow\BookMyShow\src\test\resources
2019-05-06 23:08:35,546 [Worker-23] INFO  o.e.m.c.i.embedder.EclipseLogger - Using 'UTF-8' encoding to copy filtered resources.
2019-05-06 23:08:35,547 [Worker-23] INFO  o.e.m.c.i.embedder.EclipseLogger - skip non existing resourceDirectory E:\Bookmyshow\BookMyShow\src\main\resources
2019-05-06 23:08:35,569 [Worker-23] INFO  o.e.m.c.i.embedder.EclipseLogger - Using 'UTF-8' encoding to copy filtered resources.
2019-05-06 23:08:35,569 [Worker-23] INFO  o.e.m.c.i.embedder.EclipseLogger - skip non existing resourceDirectory E:\Bookmyshow\BookMyShow\src\test\resources
2019-05-06 23:12:08,357 [Worker-11] INFO  o.e.m.c.i.embedder.EclipseLogger - Using 'UTF-8' encoding to copy filtered resources.
2019-05-06 23:12:08,357 [Worker-11] INFO  o.e.m.c.i.embedder.EclipseLogger - skip non existing resourceDirectory E:\Bookmyshow\BookMyShow\src\main\resources
2019-05-06 23:12:08,362 [Worker-11] INFO  o.e.m.c.i.embedder.EclipseLogger - Using 'UTF-8' encoding to copy filtered resources.
2019-05-06 23:12:08,362 [Worker-11] INFO  o.e.m.c.i.embedder.EclipseLogger - skip non existing resourceDirectory E:\Bookmyshow\BookMyShow\src\test\resources
2019-05-06 23:16:45,689 [Worker-24] INFO  o.e.m.c.i.l.LifecycleMappingFactory - Using org.eclipse.m2e.jdt.JarLifecycleMapping lifecycle mapping for MavenProject: com.bookmyshow:BookMyShow:0.0.1-SNAPSHOT @ E:\Bookmyshow\BookMyShow\pom.xml.
2019-05-06 23:16:47,221 [Worker-24] INFO  o.e.m.c.i.embedder.EclipseLogger - Using 'UTF-8' encoding to copy filtered resources.
2019-05-06 23:16:47,222 [Worker-24] INFO  o.e.m.c.i.embedder.EclipseLogger - skip non existing resourceDirectory E:\Bookmyshow\BookMyShow\src\main\resources
2019-05-06 23:16:47,226 [Worker-24] INFO  o.e.m.c.i.embedder.EclipseLogger - Using 'UTF-8' encoding to copy filtered resources.
2019-05-06 23:16:47,227 [Worker-24] INFO  o.e.m.c.i.embedder.EclipseLogger - skip non existing resourceDirectory E:\Bookmyshow\BookMyShow\src\test\resources
2019-05-06 23:16:48,817 [Worker-23] INFO  o.e.m.c.i.embedder.EclipseLogger - Using 'UTF-8' encoding to copy filtered resources.
2019-05-06 23:16:48,817 [Worker-23] INFO  o.e.m.c.i.embedder.EclipseLogger - skip non existing resourceDirectory E:\Bookmyshow\BookMyShow\src\main\resources
2019-05-06 23:16:48,821 [Worker-23] INFO  o.e.m.c.i.embedder.EclipseLogger - Using 'UTF-8' encoding to copy filtered resources.
2019-05-06 23:16:48,821 [Worker-23] INFO  o.e.m.c.i.embedder.EclipseLogger - skip non existing resourceDirectory E:\Bookmyshow\BookMyShow\src\test\resources
2019-05-06 23:20:47,725 [Worker-22] INFO  o.e.m.c.i.embedder.EclipseLogger - Using 'UTF-8' encoding to copy filtered resources.
2019-05-06 23:20:47,725 [Worker-22] INFO  o.e.m.c.i.embedder.EclipseLogger - skip non existing resourceDirectory E:\Bookmyshow\BookMyShow\src\main\resources
2019-05-06 23:20:47,728 [Worker-22] INFO  o.e.m.c.i.embedder.EclipseLogger - Using 'UTF-8' encoding to copy filtered resources.
2019-05-06 23:20:47,728 [Worker-22] INFO  o.e.m.c.i.embedder.EclipseLogger - skip non existing resourceDirectory E:\Bookmyshow\BookMyShow\src\test\resources
2019-05-06 23:22:41,762 [Worker-25] INFO  o.e.m.c.i.embedder.EclipseLogger - Using 'UTF-8' encoding to copy filtered resources.
2019-05-06 23:22:41,763 [Worker-25] INFO  o.e.m.c.i.embedder.EclipseLogger - skip non existing resourceDirectory E:\Bookmyshow\BookMyShow\src\main\resources
2019-05-06 23:22:41,766 [Worker-25] INFO  o.e.m.c.i.embedder.EclipseLogger - Using 'UTF-8' encoding to copy filtered resources.
2019-05-06 23:22:41,767 [Worker-25] INFO  o.e.m.c.i.embedder.EclipseLogger - skip non existing resourceDirectory E:\Bookmyshow\BookMyShow\src\test\resources
2019-05-06 23:25:16,506 [Worker-22] INFO  o.e.m.c.i.embedder.EclipseLogger - Using 'UTF-8' encoding to copy filtered resources.
2019-05-06 23:25:16,506 [Worker-22] INFO  o.e.m.c.i.embedder.EclipseLogger - skip non existing resourceDirectory E:\Bookmyshow\BookMyShow\src\main\resources
2019-05-06 23:25:16,510 [Worker-22] INFO  o.e.m.c.i.embedder.EclipseLogger - Using 'UTF-8' encoding to copy filtered resources.
2019-05-06 23:25:16,510 [Worker-22] INFO  o.e.m.c.i.embedder.EclipseLogger - skip non existing resourceDirectory E:\Bookmyshow\BookMyShow\src\test\resources
2019-05-06 23:33:33,104 [Worker-24] INFO  o.e.m.c.i.embedder.EclipseLogger - Using 'UTF-8' encoding to copy filtered resources.
2019-05-06 23:33:33,104 [Worker-24] INFO  o.e.m.c.i.embedder.EclipseLogger - skip non existing resourceDirectory E:\Bookmyshow\BookMyShow\src\main\resources
2019-05-06 23:33:33,112 [Worker-24] INFO  o.e.m.c.i.embedder.EclipseLogger - Using 'UTF-8' encoding to copy filtered resources.
2019-05-06 23:33:33,115 [Worker-24] INFO  o.e.m.c.i.embedder.EclipseLogger - skip non existing resourceDirectory E:\Bookmyshow\BookMyShow\src\test\resources
2019-05-06 23:33:58,980 [Worker-28] INFO  o.e.m.c.i.embedder.EclipseLogger - Using 'UTF-8' encoding to copy filtered resources.
2019-05-06 23:33:58,980 [Worker-28] INFO  o.e.m.c.i.embedder.EclipseLogger - skip non existing resourceDirectory E:\Bookmyshow\BookMyShow\src\main\resources
2019-05-06 23:33:58,983 [Worker-28] INFO  o.e.m.c.i.embedder.EclipseLogger - Using 'UTF-8' encoding to copy filtered resources.
2019-05-06 23:33:58,983 [Worker-28] INFO  o.e.m.c.i.embedder.EclipseLogger - skip non existing resourceDirectory E:\Bookmyshow\BookMyShow\src\test\resources
2019-05-06 23:34:55,516 [Worker-23] INFO  o.e.m.c.i.embedder.EclipseLogger - Using 'UTF-8' encoding to copy filtered resources.
2019-05-06 23:34:55,516 [Worker-23] INFO  o.e.m.c.i.embedder.EclipseLogger - skip non existing resourceDirectory E:\Bookmyshow\BookMyShow\src\main\resources
2019-05-06 23:34:55,523 [Worker-23] INFO  o.e.m.c.i.embedder.EclipseLogger - Using 'UTF-8' encoding to copy filtered resources.
2019-05-06 23:34:55,524 [Worker-23] INFO  o.e.m.c.i.embedder.EclipseLogger - skip non existing resourceDirectory E:\Bookmyshow\BookMyShow\src\test\resources
2019-05-06 23:36:19,996 [Worker-23] INFO  o.e.m.c.i.embedder.EclipseLogger - Using 'UTF-8' encoding to copy filtered resources.
2019-05-06 23:36:19,997 [Worker-23] INFO  o.e.m.c.i.embedder.EclipseLogger - skip non existing resourceDirectory E:\Bookmyshow\BookMyShow\src\main\resources
2019-05-06 23:36:20,002 [Worker-23] INFO  o.e.m.c.i.embedder.EclipseLogger - Using 'UTF-8' encoding to copy filtered resources.
2019-05-06 23:36:20,003 [Worker-23] INFO  o.e.m.c.i.embedder.EclipseLogger - skip non existing resourceDirectory E:\Bookmyshow\BookMyShow\src\test\resources
2019-05-06 23:51:42,143 [Worker-22] INFO  o.e.m.c.i.embedder.EclipseLogger - Using 'UTF-8' encoding to copy filtered resources.
2019-05-06 23:51:42,144 [Worker-22] INFO  o.e.m.c.i.embedder.EclipseLogger - skip non existing resourceDirectory E:\Bookmyshow\BookMyShow\src\main\resources
2019-05-06 23:51:42,147 [Worker-22] INFO  o.e.m.c.i.embedder.EclipseLogger - Using 'UTF-8' encoding to copy filtered resources.
2019-05-06 23:51:42,148 [Worker-22] INFO  o.e.m.c.i.embedder.EclipseLogger - skip non existing resourceDirectory E:\Bookmyshow\BookMyShow\src\test\resources
2019-05-06 23:51:59,584 [Worker-22] INFO  o.e.m.c.i.embedder.EclipseLogger - Using 'UTF-8' encoding to copy filtered resources.
2019-05-06 23:51:59,585 [Worker-22] INFO  o.e.m.c.i.embedder.EclipseLogger - skip non existing resourceDirectory E:\Bookmyshow\BookMyShow\src\main\resources
2019-05-06 23:51:59,587 [Worker-22] INFO  o.e.m.c.i.embedder.EclipseLogger - Using 'UTF-8' encoding to copy filtered resources.
2019-05-06 23:51:59,587 [Worker-22] INFO  o.e.m.c.i.embedder.EclipseLogger - skip non existing resourceDirectory E:\Bookmyshow\BookMyShow\src\test\resources
2019-05-07 00:18:18,603 [Worker-31] INFO  o.e.m.c.i.embedder.EclipseLogger - Using 'UTF-8' encoding to copy filtered resources.
2019-05-07 00:18:18,603 [Worker-31] INFO  o.e.m.c.i.embedder.EclipseLogger - skip non existing resourceDirectory E:\Bookmyshow\BookMyShow\src\main\resources
2019-05-07 00:18:18,606 [Worker-31] INFO  o.e.m.c.i.embedder.EclipseLogger - Using 'UTF-8' encoding to copy filtered resources.
2019-05-07 00:18:18,606 [Worker-31] INFO  o.e.m.c.i.embedder.EclipseLogger - skip non existing resourceDirectory E:\Bookmyshow\BookMyShow\src\test\resources
2019-05-07 00:20:07,136 [Worker-32] INFO  o.e.m.c.i.embedder.EclipseLogger - Using 'UTF-8' encoding to copy filtered resources.
2019-05-07 00:20:07,137 [Worker-32] INFO  o.e.m.c.i.embedder.EclipseLogger - skip non existing resourceDirectory E:\Bookmyshow\BookMyShow\src\main\resources
2019-05-07 00:20:07,140 [Worker-32] INFO  o.e.m.c.i.embedder.EclipseLogger - Using 'UTF-8' encoding to copy filtered resources.
2019-05-07 00:20:07,140 [Worker-32] INFO  o.e.m.c.i.embedder.EclipseLogger - skip non existing resourceDirectory E:\Bookmyshow\BookMyShow\src\test\resources
2019-05-07 00:49:42,246 [Worker-24] INFO  o.e.m.c.i.embedder.EclipseLogger - Using 'UTF-8' encoding to copy filtered resources.
2019-05-07 00:49:42,246 [Worker-24] INFO  o.e.m.c.i.embedder.EclipseLogger - skip non existing resourceDirectory E:\Bookmyshow\BookMyShow\src\main\resources
2019-05-07 00:49:42,249 [Worker-24] INFO  o.e.m.c.i.embedder.EclipseLogger - Using 'UTF-8' encoding to copy filtered resources.
2019-05-07 00:49:42,250 [Worker-24] INFO  o.e.m.c.i.embedder.EclipseLogger - skip non existing resourceDirectory E:\Bookmyshow\BookMyShow\src\test\resources
2019-05-07 00:51:55,381 [Worker-32] INFO  o.e.m.c.i.embedder.EclipseLogger - Using 'UTF-8' encoding to copy filtered resources.
2019-05-07 00:51:55,382 [Worker-32] INFO  o.e.m.c.i.embedder.EclipseLogger - skip non existing resourceDirectory E:\Bookmyshow\BookMyShow\src\main\resources
2019-05-07 00:51:55,386 [Worker-32] INFO  o.e.m.c.i.embedder.EclipseLogger - Using 'UTF-8' encoding to copy filtered resources.
2019-05-07 00:51:55,386 [Worker-32] INFO  o.e.m.c.i.embedder.EclipseLogger - skip non existing resourceDirectory E:\Bookmyshow\BookMyShow\src\test\resources
2019-05-07 00:55:16,985 [Worker-24] INFO  o.e.m.c.i.embedder.EclipseLogger - Using 'UTF-8' encoding to copy filtered resources.
2019-05-07 00:55:16,985 [Worker-24] INFO  o.e.m.c.i.embedder.EclipseLogger - skip non existing resourceDirectory E:\Bookmyshow\BookMyShow\src\main\resources
2019-05-07 00:55:16,991 [Worker-24] INFO  o.e.m.c.i.embedder.EclipseLogger - Using 'UTF-8' encoding to copy filtered resources.
2019-05-07 00:55:16,992 [Worker-24] INFO  o.e.m.c.i.embedder.EclipseLogger - skip non existing resourceDirectory E:\Bookmyshow\BookMyShow\src\test\resources
2019-05-07 00:55:46,189 [Worker-37] INFO  o.e.m.c.i.embedder.EclipseLogger - Using 'UTF-8' encoding to copy filtered resources.
2019-05-07 00:55:46,190 [Worker-37] INFO  o.e.m.c.i.embedder.EclipseLogger - skip non existing resourceDirectory E:\Bookmyshow\BookMyShow\src\main\resources
2019-05-07 00:55:46,193 [Worker-37] INFO  o.e.m.c.i.embedder.EclipseLogger - Using 'UTF-8' encoding to copy filtered resources.
2019-05-07 00:55:46,193 [Worker-37] INFO  o.e.m.c.i.embedder.EclipseLogger - skip non existing resourceDirectory E:\Bookmyshow\BookMyShow\src\test\resources
2019-05-07 01:02:13,465 [Worker-24] INFO  o.e.m.c.i.embedder.EclipseLogger - Using 'UTF-8' encoding to copy filtered resources.
2019-05-07 01:02:13,465 [Worker-24] INFO  o.e.m.c.i.embedder.EclipseLogger - skip non existing resourceDirectory E:\Bookmyshow\BookMyShow\src\main\resources
2019-05-07 01:02:13,468 [Worker-24] INFO  o.e.m.c.i.embedder.EclipseLogger - Using 'UTF-8' encoding to copy filtered resources.
2019-05-07 01:02:13,469 [Worker-24] INFO  o.e.m.c.i.embedder.EclipseLogger - skip non existing resourceDirectory E:\Bookmyshow\BookMyShow\src\test\resources
2019-05-07 01:09:49,762 [Worker-32] INFO  o.e.m.c.i.embedder.EclipseLogger - Using 'UTF-8' encoding to copy filtered resources.
2019-05-07 01:09:49,763 [Worker-32] INFO  o.e.m.c.i.embedder.EclipseLogger - skip non existing resourceDirectory E:\Bookmyshow\BookMyShow\src\main\resources
2019-05-07 01:09:49,765 [Worker-32] INFO  o.e.m.c.i.embedder.EclipseLogger - Using 'UTF-8' encoding to copy filtered resources.
2019-05-07 01:09:49,765 [Worker-32] INFO  o.e.m.c.i.embedder.EclipseLogger - skip non existing resourceDirectory E:\Bookmyshow\BookMyShow\src\test\resources
2019-05-07 01:11:46,904 [Worker-39] INFO  o.e.m.c.i.embedder.EclipseLogger - Using 'UTF-8' encoding to copy filtered resources.
2019-05-07 01:11:46,904 [Worker-39] INFO  o.e.m.c.i.embedder.EclipseLogger - skip non existing resourceDirectory E:\Bookmyshow\BookMyShow\src\main\resources
2019-05-07 01:11:46,927 [Worker-39] INFO  o.e.m.c.i.embedder.EclipseLogger - Using 'UTF-8' encoding to copy filtered resources.
2019-05-07 01:11:46,928 [Worker-39] INFO  o.e.m.c.i.embedder.EclipseLogger - skip non existing resourceDirectory E:\Bookmyshow\BookMyShow\src\test\resources
2019-05-07 01:14:17,857 [Worker-38] INFO  o.e.m.c.i.embedder.EclipseLogger - Using 'UTF-8' encoding to copy filtered resources.
2019-05-07 01:14:17,858 [Worker-38] INFO  o.e.m.c.i.embedder.EclipseLogger - skip non existing resourceDirectory E:\Bookmyshow\BookMyShow\src\main\resources
2019-05-07 01:14:17,860 [Worker-38] INFO  o.e.m.c.i.embedder.EclipseLogger - Using 'UTF-8' encoding to copy filtered resources.
2019-05-07 01:14:17,861 [Worker-38] INFO  o.e.m.c.i.embedder.EclipseLogger - skip non existing resourceDirectory E:\Bookmyshow\BookMyShow\src\test\resources
2019-05-07 01:20:17,755 [Worker-38] INFO  o.e.m.c.i.embedder.EclipseLogger - Using 'UTF-8' encoding to copy filtered resources.
2019-05-07 01:20:17,755 [Worker-38] INFO  o.e.m.c.i.embedder.EclipseLogger - skip non existing resourceDirectory E:\Bookmyshow\BookMyShow\src\main\resources
2019-05-07 01:20:17,758 [Worker-38] INFO  o.e.m.c.i.embedder.EclipseLogger - Using 'UTF-8' encoding to copy filtered resources.
2019-05-07 01:20:17,758 [Worker-38] INFO  o.e.m.c.i.embedder.EclipseLogger - skip non existing resourceDirectory E:\Bookmyshow\BookMyShow\src\test\resources
2019-05-07 01:23:19,897 [Worker-24] INFO  o.e.m.c.i.embedder.EclipseLogger - Using 'UTF-8' encoding to copy filtered resources.
2019-05-07 01:23:19,898 [Worker-24] INFO  o.e.m.c.i.embedder.EclipseLogger - skip non existing resourceDirectory E:\Bookmyshow\BookMyShow\src\main\resources
2019-05-07 01:23:19,928 [Worker-24] INFO  o.e.m.c.i.embedder.EclipseLogger - Using 'UTF-8' encoding to copy filtered resources.
2019-05-07 01:23:19,929 [Worker-24] INFO  o.e.m.c.i.embedder.EclipseLogger - skip non existing resourceDirectory E:\Bookmyshow\BookMyShow\src\test\resources
2019-05-07 01:25:20,491 [Worker-39] INFO  o.e.m.c.i.embedder.EclipseLogger - Using 'UTF-8' encoding to copy filtered resources.
2019-05-07 01:25:20,491 [Worker-39] INFO  o.e.m.c.i.embedder.EclipseLogger - skip non existing resourceDirectory E:\Bookmyshow\BookMyShow\src\main\resources
2019-05-07 01:25:20,494 [Worker-39] INFO  o.e.m.c.i.embedder.EclipseLogger - Using 'UTF-8' encoding to copy filtered resources.
2019-05-07 01:25:20,494 [Worker-39] INFO  o.e.m.c.i.embedder.EclipseLogger - skip non existing resourceDirectory E:\Bookmyshow\BookMyShow\src\test\resources
2019-05-07 01:28:42,230 [Worker-44] INFO  o.e.m.c.i.embedder.EclipseLogger - Using 'UTF-8' encoding to copy filtered resources.
2019-05-07 01:28:42,231 [Worker-44] INFO  o.e.m.c.i.embedder.EclipseLogger - skip non existing resourceDirectory E:\Bookmyshow\BookMyShow\src\main\resources
2019-05-07 01:28:42,233 [Worker-44] INFO  o.e.m.c.i.embedder.EclipseLogger - Using 'UTF-8' encoding to copy filtered resources.
2019-05-07 01:28:42,234 [Worker-44] INFO  o.e.m.c.i.embedder.EclipseLogger - skip non existing resourceDirectory E:\Bookmyshow\BookMyShow\src\test\resources
2019-05-07 01:30:23,739 [Start Help Server] INFO  org.eclipse.jetty.util.log - Logging initialized @9334065ms to org.eclipse.jetty.util.log.Slf4jLog
2019-05-07 01:30:24,953 [Start Help Server] INFO  org.eclipse.jetty.server.Server - jetty-9.4.8.v20171121, build timestamp: 2017-11-22T02:57:37+05:30, git hash: 82b8fb23f757335bb3329d540ce37a2a2615f0a8
2019-05-07 01:30:25,120 [Start Help Server] INFO  org.eclipse.jetty.server.session - DefaultSessionIdManager workerName=node0
2019-05-07 01:30:25,121 [Start Help Server] INFO  org.eclipse.jetty.server.session - No SessionScavenger set, using defaults
2019-05-07 01:30:25,146 [Start Help Server] INFO  org.eclipse.jetty.server.session - Scavenging every 600000ms
2019-05-07 01:30:25,432 [Start Help Server] INFO  o.e.j.server.handler.ContextHandler - Started o.e.j.s.ServletContextHandler@ca143e3{/help,null,AVAILABLE}
2019-05-07 01:30:25,612 [Start Help Server] INFO  o.e.jetty.server.AbstractConnector - Started ServerConnector@41214be7{HTTP/1.1,[http/1.1]}{127.0.0.1:3523}
2019-05-07 01:30:25,613 [Start Help Server] INFO  org.eclipse.jetty.server.Server - Started @9335939ms
2019-05-07 01:31:07,420 [Worker-42] ERROR o.e.m.c.i.URLConnectionCaches - Unexpected URLConnection defaultUseCaches enabled
2019-05-07 01:31:07,587 [Worker-42] INFO  o.e.m.c.i.embedder.EclipseLogger - Using 'UTF-8' encoding to copy filtered resources.
2019-05-07 01:31:07,587 [Worker-42] INFO  o.e.m.c.i.embedder.EclipseLogger - skip non existing resourceDirectory E:\Bookmyshow\BookMyShow\src\main\resources
2019-05-07 01:31:07,588 [Worker-42] INFO  o.e.m.c.i.embedder.EclipseLogger - Using 'UTF-8' encoding to copy filtered resources.
2019-05-07 01:31:07,589 [Worker-42] INFO  o.e.m.c.i.embedder.EclipseLogger - skip non existing resourceDirectory E:\Bookmyshow\BookMyShow\src\test\resources
2019-05-07 01:32:21,037 [Worker-44] ERROR o.e.m.c.i.URLConnectionCaches - Unexpected URLConnection defaultUseCaches enabled
2019-05-07 01:32:21,044 [Worker-44] INFO  o.e.m.c.i.embedder.EclipseLogger - Using 'UTF-8' encoding to copy filtered resources.
2019-05-07 01:32:21,045 [Worker-44] INFO  o.e.m.c.i.embedder.EclipseLogger - skip non existing resourceDirectory E:\Bookmyshow\BookMyShow\src\main\resources
2019-05-07 01:32:21,048 [Worker-44] INFO  o.e.m.c.i.embedder.EclipseLogger - Using 'UTF-8' encoding to copy filtered resources.
2019-05-07 01:32:21,049 [Worker-44] INFO  o.e.m.c.i.embedder.EclipseLogger - skip non existing resourceDirectory E:\Bookmyshow\BookMyShow\src\test\resources
2019-05-07 01:34:52,084 [Worker-45] ERROR o.e.m.c.i.URLConnectionCaches - Unexpected URLConnection defaultUseCaches enabled
2019-05-07 01:34:52,092 [Worker-45] INFO  o.e.m.c.i.embedder.EclipseLogger - Using 'UTF-8' encoding to copy filtered resources.
2019-05-07 01:34:52,093 [Worker-45] INFO  o.e.m.c.i.embedder.EclipseLogger - skip non existing resourceDirectory E:\Bookmyshow\BookMyShow\src\main\resources
2019-05-07 01:34:52,101 [Worker-45] INFO  o.e.m.c.i.embedder.EclipseLogger - Using 'UTF-8' encoding to copy filtered resources.
2019-05-07 01:34:52,101 [Worker-45] INFO  o.e.m.c.i.embedder.EclipseLogger - skip non existing resourceDirectory E:\Bookmyshow\BookMyShow\src\test\resources
2019-05-07 01:36:04,846 [Worker-44] ERROR o.e.m.c.i.URLConnectionCaches - Unexpected URLConnection defaultUseCaches enabled
2019-05-07 01:36:04,852 [Worker-44] INFO  o.e.m.c.i.embedder.EclipseLogger - Using 'UTF-8' encoding to copy filtered resources.
2019-05-07 01:36:04,852 [Worker-44] INFO  o.e.m.c.i.embedder.EclipseLogger - skip non existing resourceDirectory E:\Bookmyshow\BookMyShow\src\main\resources
2019-05-07 01:36:04,854 [Worker-44] INFO  o.e.m.c.i.embedder.EclipseLogger - Using 'UTF-8' encoding to copy filtered resources.
2019-05-07 01:36:04,855 [Worker-44] INFO  o.e.m.c.i.embedder.EclipseLogger - skip non existing resourceDirectory E:\Bookmyshow\BookMyShow\src\test\resources
2019-05-07 01:40:15,721 [Worker-42] ERROR o.e.m.c.i.URLConnectionCaches - Unexpected URLConnection defaultUseCaches enabled
2019-05-07 01:40:15,734 [Worker-42] INFO  o.e.m.c.i.embedder.EclipseLogger - Using 'UTF-8' encoding to copy filtered resources.
2019-05-07 01:40:15,735 [Worker-42] INFO  o.e.m.c.i.embedder.EclipseLogger - skip non existing resourceDirectory E:\Bookmyshow\BookMyShow\src\main\resources
2019-05-07 01:40:15,738 [Worker-42] INFO  o.e.m.c.i.embedder.EclipseLogger - Using 'UTF-8' encoding to copy filtered resources.
2019-05-07 01:40:15,738 [Worker-42] INFO  o.e.m.c.i.embedder.EclipseLogger - skip non existing resourceDirectory E:\Bookmyshow\BookMyShow\src\test\resources
2019-05-07 01:40:49,559 [Worker-42] ERROR o.e.m.c.i.URLConnectionCaches - Unexpected URLConnection defaultUseCaches enabled
2019-05-07 01:40:49,564 [Worker-42] INFO  o.e.m.c.i.embedder.EclipseLogger - Using 'UTF-8' encoding to copy filtered resources.
2019-05-07 01:40:49,564 [Worker-42] INFO  o.e.m.c.i.embedder.EclipseLogger - skip non existing resourceDirectory E:\Bookmyshow\BookMyShow\src\main\resources
2019-05-07 01:40:49,567 [Worker-42] INFO  o.e.m.c.i.embedder.EclipseLogger - Using 'UTF-8' encoding to copy filtered resources.
2019-05-07 01:40:49,568 [Worker-42] INFO  o.e.m.c.i.embedder.EclipseLogger - skip non existing resourceDirectory E:\Bookmyshow\BookMyShow\src\test\resources
2019-05-07 01:42:13,680 [Worker-24] ERROR o.e.m.c.i.URLConnectionCaches - Unexpected URLConnection defaultUseCaches enabled
2019-05-07 01:42:13,694 [Worker-24] INFO  o.e.m.c.i.embedder.EclipseLogger - Using 'UTF-8' encoding to copy filtered resources.
2019-05-07 01:42:13,694 [Worker-24] INFO  o.e.m.c.i.embedder.EclipseLogger - skip non existing resourceDirectory E:\Bookmyshow\BookMyShow\src\main\resources
2019-05-07 01:42:13,698 [Worker-24] INFO  o.e.m.c.i.embedder.EclipseLogger - Using 'UTF-8' encoding to copy filtered resources.
2019-05-07 01:42:13,698 [Worker-24] INFO  o.e.m.c.i.embedder.EclipseLogger - skip non existing resourceDirectory E:\Bookmyshow\BookMyShow\src\test\resources
2019-05-07 01:42:46,209 [Worker-45] ERROR o.e.m.c.i.URLConnectionCaches - Unexpected URLConnection defaultUseCaches enabled
2019-05-07 01:42:46,213 [Worker-45] INFO  o.e.m.c.i.embedder.EclipseLogger - Using 'UTF-8' encoding to copy filtered resources.
2019-05-07 01:42:46,214 [Worker-45] INFO  o.e.m.c.i.embedder.EclipseLogger - skip non existing resourceDirectory E:\Bookmyshow\BookMyShow\src\main\resources
2019-05-07 01:42:46,216 [Worker-45] INFO  o.e.m.c.i.embedder.EclipseLogger - Using 'UTF-8' encoding to copy filtered resources.
2019-05-07 01:42:46,216 [Worker-45] INFO  o.e.m.c.i.embedder.EclipseLogger - skip non existing resourceDirectory E:\Bookmyshow\BookMyShow\src\test\resources
2019-05-07 01:43:42,980 [Worker-32] ERROR o.e.m.c.i.URLConnectionCaches - Unexpected URLConnection defaultUseCaches enabled
2019-05-07 01:43:42,985 [Worker-32] INFO  o.e.m.c.i.embedder.EclipseLogger - Using 'UTF-8' encoding to copy filtered resources.
2019-05-07 01:43:42,986 [Worker-32] INFO  o.e.m.c.i.embedder.EclipseLogger - skip non existing resourceDirectory E:\Bookmyshow\BookMyShow\src\main\resources
2019-05-07 01:43:42,988 [Worker-32] INFO  o.e.m.c.i.embedder.EclipseLogger - Using 'UTF-8' encoding to copy filtered resources.
2019-05-07 01:43:42,988 [Worker-32] INFO  o.e.m.c.i.embedder.EclipseLogger - skip non existing resourceDirectory E:\Bookmyshow\BookMyShow\src\test\resources
2019-05-07 01:44:45,467 [Worker-39] ERROR o.e.m.c.i.URLConnectionCaches - Unexpected URLConnection defaultUseCaches enabled
2019-05-07 01:44:45,472 [Worker-39] INFO  o.e.m.c.i.embedder.EclipseLogger - Using 'UTF-8' encoding to copy filtered resources.
2019-05-07 01:44:45,473 [Worker-39] INFO  o.e.m.c.i.embedder.EclipseLogger - skip non existing resourceDirectory E:\Bookmyshow\BookMyShow\src\main\resources
2019-05-07 01:44:45,475 [Worker-39] INFO  o.e.m.c.i.embedder.EclipseLogger - Using 'UTF-8' encoding to copy filtered resources.
2019-05-07 01:44:45,476 [Worker-39] INFO  o.e.m.c.i.embedder.EclipseLogger - skip non existing resourceDirectory E:\Bookmyshow\BookMyShow\src\test\resources
2019-05-07 01:46:43,993 [Worker-44] ERROR o.e.m.c.i.URLConnectionCaches - Unexpected URLConnection defaultUseCaches enabled
2019-05-07 01:46:43,999 [Worker-44] INFO  o.e.m.c.i.embedder.EclipseLogger - Using 'UTF-8' encoding to copy filtered resources.
2019-05-07 01:46:43,999 [Worker-44] INFO  o.e.m.c.i.embedder.EclipseLogger - skip non existing resourceDirectory E:\Bookmyshow\BookMyShow\src\main\resources
2019-05-07 01:46:44,003 [Worker-44] INFO  o.e.m.c.i.embedder.EclipseLogger - Using 'UTF-8' encoding to copy filtered resources.
2019-05-07 01:46:44,004 [Worker-44] INFO  o.e.m.c.i.embedder.EclipseLogger - skip non existing resourceDirectory E:\Bookmyshow\BookMyShow\src\test\resources
2019-05-07 01:48:45,088 [Worker-32] ERROR o.e.m.c.i.URLConnectionCaches - Unexpected URLConnection defaultUseCaches enabled
2019-05-07 01:48:45,100 [Worker-32] INFO  o.e.m.c.i.embedder.EclipseLogger - Using 'UTF-8' encoding to copy filtered resources.
2019-05-07 01:48:45,100 [Worker-32] INFO  o.e.m.c.i.embedder.EclipseLogger - skip non existing resourceDirectory E:\Bookmyshow\BookMyShow\src\main\resources
2019-05-07 01:48:45,105 [Worker-32] INFO  o.e.m.c.i.embedder.EclipseLogger - Using 'UTF-8' encoding to copy filtered resources.
2019-05-07 01:48:45,106 [Worker-32] INFO  o.e.m.c.i.embedder.EclipseLogger - skip non existing resourceDirectory E:\Bookmyshow\BookMyShow\src\test\resources
2019-05-07 01:51:59,216 [Stop Help Server] INFO  o.e.jetty.server.AbstractConnector - Stopped ServerConnector@41214be7{HTTP/1.1,[http/1.1]}{127.0.0.1:0}
2019-05-07 01:51:59,217 [Stop Help Server] INFO  org.eclipse.jetty.server.session - Stopped scavenging
2019-05-07 01:51:59,325 [Stop Help Server] INFO  o.e.j.server.handler.ContextHandler - Stopped o.e.j.s.ServletContextHandler@ca143e3{/help,null,UNAVAILABLE}
2019-05-07 02:31:59,258 [Worker-9] INFO  c.g.t.t.d.PublishedGradleVersions - Gradle version information cache is up-to-date. Trying to read.
2019-05-07 02:33:29,586 [Worker-6] INFO  o.e.m.c.i.embedder.EclipseLogger - Using 'UTF-8' encoding to copy filtered resources.
2019-05-07 02:33:29,588 [Worker-6] INFO  o.e.m.c.i.embedder.EclipseLogger - skip non existing resourceDirectory E:\Bookmyshow\BookMyShow\src\main\resources
2019-05-07 02:33:29,595 [Worker-6] INFO  o.e.m.c.i.embedder.EclipseLogger - Using 'UTF-8' encoding to copy filtered resources.
2019-05-07 02:33:29,596 [Worker-6] INFO  o.e.m.c.i.embedder.EclipseLogger - skip non existing resourceDirectory E:\Bookmyshow\BookMyShow\src\test\resources
2019-05-07 20:52:01,020 [Worker-0] INFO  c.g.t.t.d.PublishedGradleVersions - Gradle version information cache is out-of-date. Trying to update.
2019-05-07 21:04:13,057 [Worker-1] INFO  o.e.m.c.i.l.LifecycleMappingFactory - Using org.eclipse.m2e.jdt.JarLifecycleMapping lifecycle mapping for MavenProject: com.bookmyshow:BookMyShow:0.0.1-SNAPSHOT @ E:\Bookmyshow\BookMyShow\pom.xml.
2019-05-07 21:04:16,136 [Worker-1] INFO  o.e.m.c.i.e.AbstractTransferListenerAdapter - Downloading https://repo.maven.apache.org/maven2/commons-codec/commons-codec/1.9/commons-codec-1.9.jar
2019-05-07 21:04:20,190 [Worker-1] INFO  o.e.m.c.i.e.AbstractTransferListenerAdapter - Downloaded https://repo.maven.apache.org/maven2/commons-codec/commons-codec/1.9/commons-codec-1.9.jar
2019-05-07 21:04:23,089 [Worker-1] INFO  o.e.m.c.i.embedder.EclipseLogger - Using 'UTF-8' encoding to copy filtered resources.
2019-05-07 21:04:23,089 [Worker-1] INFO  o.e.m.c.i.embedder.EclipseLogger - skip non existing resourceDirectory E:\Bookmyshow\BookMyShow\src\main\resources
2019-05-07 21:04:23,096 [Worker-1] INFO  o.e.m.c.i.embedder.EclipseLogger - Using 'UTF-8' encoding to copy filtered resources.
2019-05-07 21:04:23,096 [Worker-1] INFO  o.e.m.c.i.embedder.EclipseLogger - skip non existing resourceDirectory E:\Bookmyshow\BookMyShow\src\test\resources
2019-05-07 21:04:25,487 [Worker-1] INFO  o.e.m.c.i.embedder.EclipseLogger - Using 'UTF-8' encoding to copy filtered resources.
2019-05-07 21:04:25,488 [Worker-1] INFO  o.e.m.c.i.embedder.EclipseLogger - skip non existing resourceDirectory E:\Bookmyshow\BookMyShow\src\main\resources
2019-05-07 21:04:25,585 [Worker-1] INFO  o.e.m.c.i.embedder.EclipseLogger - Using 'UTF-8' encoding to copy filtered resources.
2019-05-07 21:04:25,586 [Worker-1] INFO  o.e.m.c.i.embedder.EclipseLogger - skip non existing resourceDirectory E:\Bookmyshow\BookMyShow\src\test\resources
2019-05-07 21:06:40,239 [Worker-26] INFO  o.e.m.c.i.embedder.EclipseLogger - Using 'UTF-8' encoding to copy filtered resources.
2019-05-07 21:06:40,240 [Worker-26] INFO  o.e.m.c.i.embedder.EclipseLogger - skip non existing resourceDirectory E:\Bookmyshow\BookMyShow\src\main\resources
2019-05-07 21:06:40,243 [Worker-26] INFO  o.e.m.c.i.embedder.EclipseLogger - Using 'UTF-8' encoding to copy filtered resources.
2019-05-07 21:06:40,244 [Worker-26] INFO  o.e.m.c.i.embedder.EclipseLogger - skip non existing resourceDirectory E:\Bookmyshow\BookMyShow\src\test\resources
2019-05-07 21:08:55,934 [Worker-31] INFO  o.e.m.c.i.embedder.EclipseLogger - Using 'UTF-8' encoding to copy filtered resources.
2019-05-07 21:08:55,935 [Worker-31] INFO  o.e.m.c.i.embedder.EclipseLogger - skip non existing resourceDirectory E:\Bookmyshow\BookMyShow\src\main\resources
2019-05-07 21:08:55,939 [Worker-31] INFO  o.e.m.c.i.embedder.EclipseLogger - Using 'UTF-8' encoding to copy filtered resources.
2019-05-07 21:08:55,939 [Worker-31] INFO  o.e.m.c.i.embedder.EclipseLogger - skip non existing resourceDirectory E:\Bookmyshow\BookMyShow\src\test\resources
2019-05-07 21:23:09,541 [Worker-33] INFO  o.e.m.c.i.embedder.EclipseLogger - Using 'UTF-8' encoding to copy filtered resources.
2019-05-07 21:23:09,542 [Worker-33] INFO  o.e.m.c.i.embedder.EclipseLogger - skip non existing resourceDirectory E:\Bookmyshow\BookMyShow\src\main\resources
2019-05-07 21:23:09,741 [Worker-33] INFO  o.e.m.c.i.embedder.EclipseLogger - Using 'UTF-8' encoding to copy filtered resources.
2019-05-07 21:23:09,753 [Worker-33] INFO  o.e.m.c.i.embedder.EclipseLogger - skip non existing resourceDirectory E:\Bookmyshow\BookMyShow\src\test\resources
2019-05-07 21:23:42,069 [Worker-35] INFO  o.e.m.c.i.embedder.EclipseLogger - Using 'UTF-8' encoding to copy filtered resources.
2019-05-07 21:23:42,069 [Worker-35] INFO  o.e.m.c.i.embedder.EclipseLogger - skip non existing resourceDirectory E:\Bookmyshow\BookMyShow\src\main\resources
2019-05-07 21:23:42,073 [Worker-35] INFO  o.e.m.c.i.embedder.EclipseLogger - Using 'UTF-8' encoding to copy filtered resources.
2019-05-07 21:23:42,073 [Worker-35] INFO  o.e.m.c.i.embedder.EclipseLogger - skip non existing resourceDirectory E:\Bookmyshow\BookMyShow\src\test\resources
2019-05-08 09:19:46,388 [Worker-8] INFO  c.g.t.t.d.PublishedGradleVersions - Gradle version information cache is up-to-date. Trying to read.
2019-05-08 09:22:30,523 [Worker-1] INFO  o.e.m.c.i.embedder.EclipseLogger - Using 'UTF-8' encoding to copy filtered resources.
2019-05-08 09:22:30,531 [Worker-1] INFO  o.e.m.c.i.embedder.EclipseLogger - skip non existing resourceDirectory E:\Bookmyshow\BookMyShow\src\main\resources
2019-05-08 09:22:30,540 [Worker-1] INFO  o.e.m.c.i.embedder.EclipseLogger - Using 'UTF-8' encoding to copy filtered resources.
2019-05-08 09:22:30,540 [Worker-1] INFO  o.e.m.c.i.embedder.EclipseLogger - skip non existing resourceDirectory E:\Bookmyshow\BookMyShow\src\test\resources
2019-05-08 10:20:02,895 [Worker-21] INFO  o.e.m.c.i.embedder.EclipseLogger - Using 'UTF-8' encoding to copy filtered resources.
2019-05-08 10:20:02,895 [Worker-21] INFO  o.e.m.c.i.embedder.EclipseLogger - skip non existing resourceDirectory E:\Bookmyshow\BookMyShow\src\main\resources
2019-05-08 10:20:02,914 [Worker-21] INFO  o.e.m.c.i.embedder.EclipseLogger - Using 'UTF-8' encoding to copy filtered resources.
2019-05-08 10:20:02,914 [Worker-21] INFO  o.e.m.c.i.embedder.EclipseLogger - skip non existing resourceDirectory E:\Bookmyshow\BookMyShow\src\test\resources
2019-05-08 10:20:52,858 [Worker-21] INFO  o.e.m.c.i.embedder.EclipseLogger - Using 'UTF-8' encoding to copy filtered resources.
2019-05-08 10:20:52,859 [Worker-21] INFO  o.e.m.c.i.embedder.EclipseLogger - skip non existing resourceDirectory E:\Bookmyshow\BookMyShow\src\main\resources
2019-05-08 10:20:52,863 [Worker-21] INFO  o.e.m.c.i.embedder.EclipseLogger - Using 'UTF-8' encoding to copy filtered resources.
2019-05-08 10:20:52,864 [Worker-21] INFO  o.e.m.c.i.embedder.EclipseLogger - skip non existing resourceDirectory E:\Bookmyshow\BookMyShow\src\test\resources
2019-05-08 10:22:53,037 [Worker-1] INFO  o.e.m.c.i.embedder.EclipseLogger - Using 'UTF-8' encoding to copy filtered resources.
2019-05-08 10:22:53,038 [Worker-1] INFO  o.e.m.c.i.embedder.EclipseLogger - skip non existing resourceDirectory E:\Bookmyshow\BookMyShow\src\main\resources
2019-05-08 10:22:53,044 [Worker-1] INFO  o.e.m.c.i.embedder.EclipseLogger - Using 'UTF-8' encoding to copy filtered resources.
2019-05-08 10:22:53,044 [Worker-1] INFO  o.e.m.c.i.embedder.EclipseLogger - skip non existing resourceDirectory E:\Bookmyshow\BookMyShow\src\test\resources
2019-05-08 10:24:06,335 [Worker-21] INFO  o.e.m.c.i.embedder.EclipseLogger - Using 'UTF-8' encoding to copy filtered resources.
2019-05-08 10:24:06,335 [Worker-21] INFO  o.e.m.c.i.embedder.EclipseLogger - skip non existing resourceDirectory E:\Bookmyshow\BookMyShow\src\main\resources
2019-05-08 10:24:06,339 [Worker-21] INFO  o.e.m.c.i.embedder.EclipseLogger - Using 'UTF-8' encoding to copy filtered resources.
2019-05-08 10:24:06,339 [Worker-21] INFO  o.e.m.c.i.embedder.EclipseLogger - skip non existing resourceDirectory E:\Bookmyshow\BookMyShow\src\test\resources
2019-05-08 10:24:32,011 [Worker-24] INFO  o.e.m.c.i.embedder.EclipseLogger - Using 'UTF-8' encoding to copy filtered resources.
2019-05-08 10:24:32,012 [Worker-24] INFO  o.e.m.c.i.embedder.EclipseLogger - skip non existing resourceDirectory E:\Bookmyshow\BookMyShow\src\main\resources
2019-05-08 10:24:32,015 [Worker-24] INFO  o.e.m.c.i.embedder.EclipseLogger - Using 'UTF-8' encoding to copy filtered resources.
2019-05-08 10:24:32,016 [Worker-24] INFO  o.e.m.c.i.embedder.EclipseLogger - skip non existing resourceDirectory E:\Bookmyshow\BookMyShow\src\test\resources
2019-05-08 10:26:21,385 [Worker-26] INFO  o.e.m.c.i.embedder.EclipseLogger - Using 'UTF-8' encoding to copy filtered resources.
2019-05-08 10:26:21,386 [Worker-26] INFO  o.e.m.c.i.embedder.EclipseLogger - skip non existing resourceDirectory E:\Bookmyshow\BookMyShow\src\main\resources
2019-05-08 10:26:21,388 [Worker-26] INFO  o.e.m.c.i.embedder.EclipseLogger - Using 'UTF-8' encoding to copy filtered resources.
2019-05-08 10:26:21,388 [Worker-26] INFO  o.e.m.c.i.embedder.EclipseLogger - skip non existing resourceDirectory E:\Bookmyshow\BookMyShow\src\test\resources
2019-05-08 10:27:14,886 [Worker-25] INFO  o.e.m.c.i.embedder.EclipseLogger - Using 'UTF-8' encoding to copy filtered resources.
2019-05-08 10:27:14,887 [Worker-25] INFO  o.e.m.c.i.embedder.EclipseLogger - skip non existing resourceDirectory E:\Bookmyshow\BookMyShow\src\main\resources
2019-05-08 10:27:14,890 [Worker-25] INFO  o.e.m.c.i.embedder.EclipseLogger - Using 'UTF-8' encoding to copy filtered resources.
2019-05-08 10:27:14,901 [Worker-25] INFO  o.e.m.c.i.embedder.EclipseLogger - skip non existing resourceDirectory E:\Bookmyshow\BookMyShow\src\test\resources
2019-05-08 10:27:30,780 [Worker-21] INFO  o.e.m.c.i.embedder.EclipseLogger - Using 'UTF-8' encoding to copy filtered resources.
2019-05-08 10:27:30,781 [Worker-21] INFO  o.e.m.c.i.embedder.EclipseLogger - skip non existing resourceDirectory E:\Bookmyshow\BookMyShow\src\main\resources
2019-05-08 10:27:30,788 [Worker-21] INFO  o.e.m.c.i.embedder.EclipseLogger - Using 'UTF-8' encoding to copy filtered resources.
2019-05-08 10:27:30,788 [Worker-21] INFO  o.e.m.c.i.embedder.EclipseLogger - skip non existing resourceDirectory E:\Bookmyshow\BookMyShow\src\test\resources
2019-05-08 10:27:40,455 [Worker-1] INFO  o.e.m.c.i.embedder.EclipseLogger - Using 'UTF-8' encoding to copy filtered resources.
2019-05-08 10:27:40,455 [Worker-1] INFO  o.e.m.c.i.embedder.EclipseLogger - skip non existing resourceDirectory E:\Bookmyshow\BookMyShow\src\main\resources
2019-05-08 10:27:40,458 [Worker-1] INFO  o.e.m.c.i.embedder.EclipseLogger - Using 'UTF-8' encoding to copy filtered resources.
2019-05-08 10:27:40,459 [Worker-1] INFO  o.e.m.c.i.embedder.EclipseLogger - skip non existing resourceDirectory E:\Bookmyshow\BookMyShow\src\test\resources
2019-05-08 10:28:57,071 [Worker-20] INFO  o.e.m.c.i.embedder.EclipseLogger - Using 'UTF-8' encoding to copy filtered resources.
2019-05-08 10:28:57,072 [Worker-20] INFO  o.e.m.c.i.embedder.EclipseLogger - skip non existing resourceDirectory E:\Bookmyshow\BookMyShow\src\main\resources
2019-05-08 10:28:57,074 [Worker-20] INFO  o.e.m.c.i.embedder.EclipseLogger - Using 'UTF-8' encoding to copy filtered resources.
2019-05-08 10:28:57,075 [Worker-20] INFO  o.e.m.c.i.embedder.EclipseLogger - skip non existing resourceDirectory E:\Bookmyshow\BookMyShow\src\test\resources
2019-05-08 10:30:07,971 [Worker-21] INFO  o.e.m.c.i.embedder.EclipseLogger - Using 'UTF-8' encoding to copy filtered resources.
2019-05-08 10:30:07,971 [Worker-21] INFO  o.e.m.c.i.embedder.EclipseLogger - skip non existing resourceDirectory E:\Bookmyshow\BookMyShow\src\main\resources
2019-05-08 10:30:07,979 [Worker-21] INFO  o.e.m.c.i.embedder.EclipseLogger - Using 'UTF-8' encoding to copy filtered resources.
2019-05-08 10:30:07,980 [Worker-21] INFO  o.e.m.c.i.embedder.EclipseLogger - skip non existing resourceDirectory E:\Bookmyshow\BookMyShow\src\test\resources
2019-05-08 21:03:55,293 [Worker-7] INFO  c.g.t.t.d.PublishedGradleVersions - Gradle version information cache is out-of-date. Trying to update.
2019-05-08 21:04:03,386 [Worker-7] INFO  c.g.t.t.d.PublishedGradleVersions - Updating Gradle version information cache failed. Using outdated cache.
2019-05-08 21:08:39,876 [Worker-21] INFO  o.e.m.c.i.embedder.EclipseLogger - Using 'UTF-8' encoding to copy filtered resources.
2019-05-08 21:08:39,883 [Worker-21] INFO  o.e.m.c.i.embedder.EclipseLogger - skip non existing resourceDirectory E:\Bookmyshow\BookMyShow\src\main\resources
2019-05-08 21:08:39,889 [Worker-21] INFO  o.e.m.c.i.embedder.EclipseLogger - Using 'UTF-8' encoding to copy filtered resources.
2019-05-08 21:08:39,889 [Worker-21] INFO  o.e.m.c.i.embedder.EclipseLogger - skip non existing resourceDirectory E:\Bookmyshow\BookMyShow\src\test\resources
2019-05-08 21:11:25,463 [Worker-18] INFO  o.e.m.c.i.embedder.EclipseLogger - Using 'UTF-8' encoding to copy filtered resources.
2019-05-08 21:11:25,463 [Worker-18] INFO  o.e.m.c.i.embedder.EclipseLogger - skip non existing resourceDirectory E:\Bookmyshow\BookMyShow\src\main\resources
2019-05-08 21:11:25,469 [Worker-18] INFO  o.e.m.c.i.embedder.EclipseLogger - Using 'UTF-8' encoding to copy filtered resources.
2019-05-08 21:11:25,469 [Worker-18] INFO  o.e.m.c.i.embedder.EclipseLogger - skip non existing resourceDirectory E:\Bookmyshow\BookMyShow\src\test\resources
2019-05-08 21:12:17,571 [Worker-31] INFO  o.e.m.c.i.embedder.EclipseLogger - Using 'UTF-8' encoding to copy filtered resources.
2019-05-08 21:12:17,571 [Worker-31] INFO  o.e.m.c.i.embedder.EclipseLogger - skip non existing resourceDirectory E:\Bookmyshow\BookMyShow\src\main\resources
2019-05-08 21:12:17,585 [Worker-31] INFO  o.e.m.c.i.embedder.EclipseLogger - Using 'UTF-8' encoding to copy filtered resources.
2019-05-08 21:12:17,585 [Worker-31] INFO  o.e.m.c.i.embedder.EclipseLogger - skip non existing resourceDirectory E:\Bookmyshow\BookMyShow\src\test\resources
2019-05-08 21:47:03,123 [Worker-31] INFO  o.e.m.c.i.embedder.EclipseLogger - Using 'UTF-8' encoding to copy filtered resources.
2019-05-08 21:47:03,124 [Worker-31] INFO  o.e.m.c.i.embedder.EclipseLogger - skip non existing resourceDirectory E:\Bookmyshow\BookMyShow\src\main\resources
2019-05-08 21:47:03,129 [Worker-31] INFO  o.e.m.c.i.embedder.EclipseLogger - Using 'UTF-8' encoding to copy filtered resources.
2019-05-08 21:47:03,129 [Worker-31] INFO  o.e.m.c.i.embedder.EclipseLogger - skip non existing resourceDirectory E:\Bookmyshow\BookMyShow\src\test\resources
2019-05-08 22:03:45,285 [Worker-46] INFO  o.e.m.c.i.embedder.EclipseLogger - Using 'UTF-8' encoding to copy filtered resources.
2019-05-08 22:03:45,285 [Worker-46] INFO  o.e.m.c.i.embedder.EclipseLogger - skip non existing resourceDirectory E:\Bookmyshow\BookMyShow\src\main\resources
2019-05-08 22:03:45,289 [Worker-46] INFO  o.e.m.c.i.embedder.EclipseLogger - Using 'UTF-8' encoding to copy filtered resources.
2019-05-08 22:03:45,290 [Worker-46] INFO  o.e.m.c.i.embedder.EclipseLogger - skip non existing resourceDirectory E:\Bookmyshow\BookMyShow\src\test\resources
2019-05-08 22:11:59,207 [Worker-46] INFO  o.e.m.c.i.embedder.EclipseLogger - Using 'UTF-8' encoding to copy filtered resources.
2019-05-08 22:11:59,207 [Worker-46] INFO  o.e.m.c.i.embedder.EclipseLogger - skip non existing resourceDirectory E:\Bookmyshow\BookMyShow\src\main\resources
2019-05-08 22:11:59,211 [Worker-46] INFO  o.e.m.c.i.embedder.EclipseLogger - Using 'UTF-8' encoding to copy filtered resources.
2019-05-08 22:11:59,212 [Worker-46] INFO  o.e.m.c.i.embedder.EclipseLogger - skip non existing resourceDirectory E:\Bookmyshow\BookMyShow\src\test\resources
2019-05-08 22:21:53,683 [Worker-44] INFO  o.e.m.c.i.embedder.EclipseLogger - Using 'UTF-8' encoding to copy filtered resources.
2019-05-08 22:21:53,683 [Worker-44] INFO  o.e.m.c.i.embedder.EclipseLogger - skip non existing resourceDirectory E:\Bookmyshow\BookMyShow\src\main\resources
2019-05-08 22:21:53,687 [Worker-44] INFO  o.e.m.c.i.embedder.EclipseLogger - Using 'UTF-8' encoding to copy filtered resources.
2019-05-08 22:21:53,688 [Worker-44] INFO  o.e.m.c.i.embedder.EclipseLogger - skip non existing resourceDirectory E:\Bookmyshow\BookMyShow\src\test\resources
2019-05-08 22:30:20,384 [Worker-39] INFO  o.e.m.c.i.embedder.EclipseLogger - Using 'UTF-8' encoding to copy filtered resources.
2019-05-08 22:30:20,384 [Worker-39] INFO  o.e.m.c.i.embedder.EclipseLogger - skip non existing resourceDirectory E:\Bookmyshow\BookMyShow\src\main\resources
2019-05-08 22:30:20,388 [Worker-39] INFO  o.e.m.c.i.embedder.EclipseLogger - Using 'UTF-8' encoding to copy filtered resources.
2019-05-08 22:30:20,391 [Worker-39] INFO  o.e.m.c.i.embedder.EclipseLogger - skip non existing resourceDirectory E:\Bookmyshow\BookMyShow\src\test\resources
2019-05-08 22:32:21,042 [Worker-45] INFO  o.e.m.c.i.embedder.EclipseLogger - Using 'UTF-8' encoding to copy filtered resources.
2019-05-08 22:32:21,043 [Worker-45] INFO  o.e.m.c.i.embedder.EclipseLogger - skip non existing resourceDirectory E:\Bookmyshow\BookMyShow\src\main\resources
2019-05-08 22:32:21,045 [Worker-45] INFO  o.e.m.c.i.embedder.EclipseLogger - Using 'UTF-8' encoding to copy filtered resources.
2019-05-08 22:32:21,046 [Worker-45] INFO  o.e.m.c.i.embedder.EclipseLogger - skip non existing resourceDirectory E:\Bookmyshow\BookMyShow\src\test\resources
2019-05-08 22:32:27,860 [Worker-46] INFO  o.e.m.c.i.embedder.EclipseLogger - Using 'UTF-8' encoding to copy filtered resources.
2019-05-08 22:32:27,860 [Worker-46] INFO  o.e.m.c.i.embedder.EclipseLogger - skip non existing resourceDirectory E:\Bookmyshow\BookMyShow\src\main\resources
2019-05-08 22:32:27,864 [Worker-46] INFO  o.e.m.c.i.embedder.EclipseLogger - Using 'UTF-8' encoding to copy filtered resources.
2019-05-08 22:32:27,864 [Worker-46] INFO  o.e.m.c.i.embedder.EclipseLogger - skip non existing resourceDirectory E:\Bookmyshow\BookMyShow\src\test\resources
2019-05-08 22:32:39,788 [Worker-45] INFO  o.e.m.c.i.embedder.EclipseLogger - Using 'UTF-8' encoding to copy filtered resources.
2019-05-08 22:32:39,788 [Worker-45] INFO  o.e.m.c.i.embedder.EclipseLogger - skip non existing resourceDirectory E:\Bookmyshow\BookMyShow\src\main\resources
2019-05-08 22:32:39,794 [Worker-45] INFO  o.e.m.c.i.embedder.EclipseLogger - Using 'UTF-8' encoding to copy filtered resources.
2019-05-08 22:32:39,794 [Worker-45] INFO  o.e.m.c.i.embedder.EclipseLogger - skip non existing resourceDirectory E:\Bookmyshow\BookMyShow\src\test\resources
2019-05-08 22:33:06,700 [Worker-31] INFO  o.e.m.c.i.embedder.EclipseLogger - Using 'UTF-8' encoding to copy filtered resources.
2019-05-08 22:33:06,701 [Worker-31] INFO  o.e.m.c.i.embedder.EclipseLogger - skip non existing resourceDirectory E:\Bookmyshow\BookMyShow\src\main\resources
2019-05-08 22:33:06,711 [Worker-31] INFO  o.e.m.c.i.embedder.EclipseLogger - Using 'UTF-8' encoding to copy filtered resources.
2019-05-08 22:33:06,712 [Worker-31] INFO  o.e.m.c.i.embedder.EclipseLogger - skip non existing resourceDirectory E:\Bookmyshow\BookMyShow\src\test\resources
2019-05-08 22:55:41,359 [Worker-44] INFO  o.e.m.c.i.embedder.EclipseLogger - Using 'UTF-8' encoding to copy filtered resources.
2019-05-08 22:55:41,359 [Worker-44] INFO  o.e.m.c.i.embedder.EclipseLogger - skip non existing resourceDirectory E:\Bookmyshow\BookMyShow\src\main\resources
2019-05-08 22:55:41,364 [Worker-44] INFO  o.e.m.c.i.embedder.EclipseLogger - Using 'UTF-8' encoding to copy filtered resources.
2019-05-08 22:55:41,364 [Worker-44] INFO  o.e.m.c.i.embedder.EclipseLogger - skip non existing resourceDirectory E:\Bookmyshow\BookMyShow\src\test\resources
2019-05-08 23:00:33,856 [Worker-39] INFO  o.e.m.c.i.embedder.EclipseLogger - Using 'UTF-8' encoding to copy filtered resources.
2019-05-08 23:00:33,856 [Worker-39] INFO  o.e.m.c.i.embedder.EclipseLogger - skip non existing resourceDirectory E:\Bookmyshow\BookMyShow\src\main\resources
2019-05-08 23:00:33,860 [Worker-39] INFO  o.e.m.c.i.embedder.EclipseLogger - Using 'UTF-8' encoding to copy filtered resources.
2019-05-08 23:00:33,860 [Worker-39] INFO  o.e.m.c.i.embedder.EclipseLogger - skip non existing resourceDirectory E:\Bookmyshow\BookMyShow\src\test\resources
2019-05-08 23:01:19,092 [Worker-39] INFO  o.e.m.c.i.embedder.EclipseLogger - Using 'UTF-8' encoding to copy filtered resources.
2019-05-08 23:01:19,092 [Worker-39] INFO  o.e.m.c.i.embedder.EclipseLogger - skip non existing resourceDirectory E:\Bookmyshow\BookMyShow\src\main\resources
2019-05-08 23:01:19,096 [Worker-39] INFO  o.e.m.c.i.embedder.EclipseLogger - Using 'UTF-8' encoding to copy filtered resources.
2019-05-08 23:01:19,096 [Worker-39] INFO  o.e.m.c.i.embedder.EclipseLogger - skip non existing resourceDirectory E:\Bookmyshow\BookMyShow\src\test\resources
2019-05-08 23:10:32,142 [Worker-50] INFO  o.e.m.c.i.embedder.EclipseLogger - Using 'UTF-8' encoding to copy filtered resources.
2019-05-08 23:10:32,143 [Worker-50] INFO  o.e.m.c.i.embedder.EclipseLogger - skip non existing resourceDirectory E:\Bookmyshow\BookMyShow\src\main\resources
2019-05-08 23:10:32,146 [Worker-50] INFO  o.e.m.c.i.embedder.EclipseLogger - Using 'UTF-8' encoding to copy filtered resources.
2019-05-08 23:10:32,147 [Worker-50] INFO  o.e.m.c.i.embedder.EclipseLogger - skip non existing resourceDirectory E:\Bookmyshow\BookMyShow\src\test\resources
2019-05-08 23:11:20,102 [Worker-48] INFO  o.e.m.c.i.embedder.EclipseLogger - Using 'UTF-8' encoding to copy filtered resources.
2019-05-08 23:11:20,103 [Worker-48] INFO  o.e.m.c.i.embedder.EclipseLogger - skip non existing resourceDirectory E:\Bookmyshow\BookMyShow\src\main\resources
2019-05-08 23:11:20,106 [Worker-48] INFO  o.e.m.c.i.embedder.EclipseLogger - Using 'UTF-8' encoding to copy filtered resources.
2019-05-08 23:11:20,106 [Worker-48] INFO  o.e.m.c.i.embedder.EclipseLogger - skip non existing resourceDirectory E:\Bookmyshow\BookMyShow\src\test\resources
2019-05-09 00:22:17,120 [Worker-54] INFO  o.e.m.c.i.embedder.EclipseLogger - Using 'UTF-8' encoding to copy filtered resources.
2019-05-09 00:22:17,120 [Worker-54] INFO  o.e.m.c.i.embedder.EclipseLogger - skip non existing resourceDirectory E:\Bookmyshow\BookMyShow\src\main\resources
2019-05-09 00:22:17,123 [Worker-54] INFO  o.e.m.c.i.embedder.EclipseLogger - Using 'UTF-8' encoding to copy filtered resources.
2019-05-09 00:22:17,124 [Worker-54] INFO  o.e.m.c.i.embedder.EclipseLogger - skip non existing resourceDirectory E:\Bookmyshow\BookMyShow\src\test\resources
2019-05-09 00:29:33,722 [Worker-54] INFO  o.e.m.c.i.embedder.EclipseLogger - Using 'UTF-8' encoding to copy filtered resources.
2019-05-09 00:29:33,723 [Worker-54] INFO  o.e.m.c.i.embedder.EclipseLogger - skip non existing resourceDirectory E:\Bookmyshow\BookMyShow\src\main\resources
2019-05-09 00:29:33,729 [Worker-54] INFO  o.e.m.c.i.embedder.EclipseLogger - Using 'UTF-8' encoding to copy filtered resources.
2019-05-09 00:29:33,729 [Worker-54] INFO  o.e.m.c.i.embedder.EclipseLogger - skip non existing resourceDirectory E:\Bookmyshow\BookMyShow\src\test\resources
2019-05-09 00:31:31,581 [Worker-54] INFO  o.e.m.c.i.embedder.EclipseLogger - Using 'UTF-8' encoding to copy filtered resources.
2019-05-09 00:31:31,582 [Worker-54] INFO  o.e.m.c.i.embedder.EclipseLogger - skip non existing resourceDirectory E:\Bookmyshow\BookMyShow\src\main\resources
2019-05-09 00:31:31,585 [Worker-54] INFO  o.e.m.c.i.embedder.EclipseLogger - Using 'UTF-8' encoding to copy filtered resources.
2019-05-09 00:31:31,586 [Worker-54] INFO  o.e.m.c.i.embedder.EclipseLogger - skip non existing resourceDirectory E:\Bookmyshow\BookMyShow\src\test\resources
2019-05-09 00:31:55,438 [Worker-55] INFO  o.e.m.c.i.embedder.EclipseLogger - Using 'UTF-8' encoding to copy filtered resources.
2019-05-09 00:31:55,438 [Worker-55] INFO  o.e.m.c.i.embedder.EclipseLogger - skip non existing resourceDirectory E:\Bookmyshow\BookMyShow\src\main\resources
2019-05-09 00:31:55,441 [Worker-55] INFO  o.e.m.c.i.embedder.EclipseLogger - Using 'UTF-8' encoding to copy filtered resources.
2019-05-09 00:31:55,441 [Worker-55] INFO  o.e.m.c.i.embedder.EclipseLogger - skip non existing resourceDirectory E:\Bookmyshow\BookMyShow\src\test\resources
2019-05-09 00:37:59,241 [Worker-57] INFO  o.e.m.c.i.embedder.EclipseLogger - Using 'UTF-8' encoding to copy filtered resources.
2019-05-09 00:37:59,242 [Worker-57] INFO  o.e.m.c.i.embedder.EclipseLogger - skip non existing resourceDirectory E:\Bookmyshow\BookMyShow\src\main\resources
2019-05-09 00:37:59,283 [Worker-57] INFO  o.e.m.c.i.embedder.EclipseLogger - Using 'UTF-8' encoding to copy filtered resources.
2019-05-09 00:37:59,284 [Worker-57] INFO  o.e.m.c.i.embedder.EclipseLogger - skip non existing resourceDirectory E:\Bookmyshow\BookMyShow\src\test\resources
2019-05-09 00:38:16,341 [Worker-56] INFO  o.e.m.c.i.embedder.EclipseLogger - Using 'UTF-8' encoding to copy filtered resources.
2019-05-09 00:38:16,341 [Worker-56] INFO  o.e.m.c.i.embedder.EclipseLogger - skip non existing resourceDirectory E:\Bookmyshow\BookMyShow\src\main\resources
2019-05-09 00:38:16,350 [Worker-56] INFO  o.e.m.c.i.embedder.EclipseLogger - Using 'UTF-8' encoding to copy filtered resources.
2019-05-09 00:38:16,351 [Worker-56] INFO  o.e.m.c.i.embedder.EclipseLogger - skip non existing resourceDirectory E:\Bookmyshow\BookMyShow\src\test\resources
2019-05-09 00:45:19,309 [Worker-54] INFO  o.e.m.c.i.embedder.EclipseLogger - Using 'UTF-8' encoding to copy filtered resources.
2019-05-09 00:45:19,309 [Worker-54] INFO  o.e.m.c.i.embedder.EclipseLogger - skip non existing resourceDirectory E:\Bookmyshow\BookMyShow\src\main\resources
2019-05-09 00:45:19,342 [Worker-54] INFO  o.e.m.c.i.embedder.EclipseLogger - Using 'UTF-8' encoding to copy filtered resources.
2019-05-09 00:45:19,345 [Worker-54] INFO  o.e.m.c.i.embedder.EclipseLogger - skip non existing resourceDirectory E:\Bookmyshow\BookMyShow\src\test\resources
2019-05-09 00:46:42,295 [Worker-59] INFO  o.e.m.c.i.embedder.EclipseLogger - Using 'UTF-8' encoding to copy filtered resources.
2019-05-09 00:46:42,295 [Worker-59] INFO  o.e.m.c.i.embedder.EclipseLogger - skip non existing resourceDirectory E:\Bookmyshow\BookMyShow\src\main\resources
2019-05-09 00:46:42,298 [Worker-59] INFO  o.e.m.c.i.embedder.EclipseLogger - Using 'UTF-8' encoding to copy filtered resources.
2019-05-09 00:46:42,298 [Worker-59] INFO  o.e.m.c.i.embedder.EclipseLogger - skip non existing resourceDirectory E:\Bookmyshow\BookMyShow\src\test\resources
2019-05-09 00:49:52,747 [Worker-54] INFO  o.e.m.c.i.embedder.EclipseLogger - Using 'UTF-8' encoding to copy filtered resources.
2019-05-09 00:49:52,747 [Worker-54] INFO  o.e.m.c.i.embedder.EclipseLogger - skip non existing resourceDirectory E:\Bookmyshow\BookMyShow\src\main\resources
2019-05-09 00:49:52,749 [Worker-54] INFO  o.e.m.c.i.embedder.EclipseLogger - Using 'UTF-8' encoding to copy filtered resources.
2019-05-09 00:49:52,750 [Worker-54] INFO  o.e.m.c.i.embedder.EclipseLogger - skip non existing resourceDirectory E:\Bookmyshow\BookMyShow\src\test\resources
2019-05-09 00:50:15,356 [Worker-54] INFO  o.e.m.c.i.embedder.EclipseLogger - Using 'UTF-8' encoding to copy filtered resources.
2019-05-09 00:50:15,356 [Worker-54] INFO  o.e.m.c.i.embedder.EclipseLogger - skip non existing resourceDirectory E:\Bookmyshow\BookMyShow\src\main\resources
2019-05-09 00:50:15,368 [Worker-54] INFO  o.e.m.c.i.embedder.EclipseLogger - Using 'UTF-8' encoding to copy filtered resources.
2019-05-09 00:50:15,368 [Worker-54] INFO  o.e.m.c.i.embedder.EclipseLogger - skip non existing resourceDirectory E:\Bookmyshow\BookMyShow\src\test\resources
2019-05-09 00:53:09,598 [Worker-60] INFO  o.e.m.c.i.embedder.EclipseLogger - Using 'UTF-8' encoding to copy filtered resources.
2019-05-09 00:53:09,600 [Worker-60] INFO  o.e.m.c.i.embedder.EclipseLogger - skip non existing resourceDirectory E:\Bookmyshow\BookMyShow\src\main\resources
2019-05-09 00:53:09,603 [Worker-60] INFO  o.e.m.c.i.embedder.EclipseLogger - Using 'UTF-8' encoding to copy filtered resources.
2019-05-09 00:53:09,603 [Worker-60] INFO  o.e.m.c.i.embedder.EclipseLogger - skip non existing resourceDirectory E:\Bookmyshow\BookMyShow\src\test\resources
2019-05-09 00:56:15,585 [Worker-63] INFO  o.e.m.c.i.embedder.EclipseLogger - Using 'UTF-8' encoding to copy filtered resources.
2019-05-09 00:56:15,586 [Worker-63] INFO  o.e.m.c.i.embedder.EclipseLogger - skip non existing resourceDirectory E:\Bookmyshow\BookMyShow\src\main\resources
2019-05-09 00:56:15,588 [Worker-63] INFO  o.e.m.c.i.embedder.EclipseLogger - Using 'UTF-8' encoding to copy filtered resources.
2019-05-09 00:56:15,588 [Worker-63] INFO  o.e.m.c.i.embedder.EclipseLogger - skip non existing resourceDirectory E:\Bookmyshow\BookMyShow\src\test\resources
2019-05-09 00:59:47,217 [Worker-66] INFO  o.e.m.c.i.embedder.EclipseLogger - Using 'UTF-8' encoding to copy filtered resources.
2019-05-09 00:59:47,218 [Worker-66] INFO  o.e.m.c.i.embedder.EclipseLogger - skip non existing resourceDirectory E:\Bookmyshow\BookMyShow\src\main\resources
2019-05-09 00:59:47,220 [Worker-66] INFO  o.e.m.c.i.embedder.EclipseLogger - Using 'UTF-8' encoding to copy filtered resources.
2019-05-09 00:59:47,221 [Worker-66] INFO  o.e.m.c.i.embedder.EclipseLogger - skip non existing resourceDirectory E:\Bookmyshow\BookMyShow\src\test\resources
2019-05-09 01:02:42,988 [Worker-66] INFO  o.e.m.c.i.embedder.EclipseLogger - Using 'UTF-8' encoding to copy filtered resources.
2019-05-09 01:02:42,988 [Worker-66] INFO  o.e.m.c.i.embedder.EclipseLogger - skip non existing resourceDirectory E:\Bookmyshow\BookMyShow\src\main\resources
2019-05-09 01:02:42,993 [Worker-66] INFO  o.e.m.c.i.embedder.EclipseLogger - Using 'UTF-8' encoding to copy filtered resources.
2019-05-09 01:02:42,994 [Worker-66] INFO  o.e.m.c.i.embedder.EclipseLogger - skip non existing resourceDirectory E:\Bookmyshow\BookMyShow\src\test\resources
2019-05-09 01:02:58,639 [Worker-63] INFO  o.e.m.c.i.embedder.EclipseLogger - Using 'UTF-8' encoding to copy filtered resources.
2019-05-09 01:02:58,640 [Worker-63] INFO  o.e.m.c.i.embedder.EclipseLogger - skip non existing resourceDirectory E:\Bookmyshow\BookMyShow\src\main\resources
2019-05-09 01:02:58,644 [Worker-63] INFO  o.e.m.c.i.embedder.EclipseLogger - Using 'UTF-8' encoding to copy filtered resources.
2019-05-09 01:02:58,645 [Worker-63] INFO  o.e.m.c.i.embedder.EclipseLogger - skip non existing resourceDirectory E:\Bookmyshow\BookMyShow\src\test\resources
2019-05-09 01:04:36,448 [Worker-61] INFO  o.e.m.c.i.embedder.EclipseLogger - Using 'UTF-8' encoding to copy filtered resources.
2019-05-09 01:04:36,449 [Worker-61] INFO  o.e.m.c.i.embedder.EclipseLogger - skip non existing resourceDirectory E:\Bookmyshow\BookMyShow\src\main\resources
2019-05-09 01:04:36,451 [Worker-61] INFO  o.e.m.c.i.embedder.EclipseLogger - Using 'UTF-8' encoding to copy filtered resources.
2019-05-09 01:04:36,452 [Worker-61] INFO  o.e.m.c.i.embedder.EclipseLogger - skip non existing resourceDirectory E:\Bookmyshow\BookMyShow\src\test\resources
2019-05-09 01:04:56,828 [Worker-60] INFO  o.e.m.c.i.embedder.EclipseLogger - Using 'UTF-8' encoding to copy filtered resources.
2019-05-09 01:04:56,828 [Worker-60] INFO  o.e.m.c.i.embedder.EclipseLogger - skip non existing resourceDirectory E:\Bookmyshow\BookMyShow\src\main\resources
2019-05-09 01:04:56,831 [Worker-60] INFO  o.e.m.c.i.embedder.EclipseLogger - Using 'UTF-8' encoding to copy filtered resources.
2019-05-09 01:04:56,831 [Worker-60] INFO  o.e.m.c.i.embedder.EclipseLogger - skip non existing resourceDirectory E:\Bookmyshow\BookMyShow\src\test\resources
2019-05-09 01:08:15,449 [Worker-65] INFO  o.e.m.c.i.embedder.EclipseLogger - Using 'UTF-8' encoding to copy filtered resources.
2019-05-09 01:08:15,450 [Worker-65] INFO  o.e.m.c.i.embedder.EclipseLogger - skip non existing resourceDirectory E:\Bookmyshow\BookMyShow\src\main\resources
2019-05-09 01:08:15,452 [Worker-65] INFO  o.e.m.c.i.embedder.EclipseLogger - Using 'UTF-8' encoding to copy filtered resources.
2019-05-09 01:08:15,453 [Worker-65] INFO  o.e.m.c.i.embedder.EclipseLogger - skip non existing resourceDirectory E:\Bookmyshow\BookMyShow\src\test\resources
